[browser] Uncaught ReferenceError: actionPage is not defined
    at AeolyzerWorkspace (components/aeolyzer-workspace.tsx:124:28)
    at AeolyzerApp (components/aeolyzer-app.tsx:20:12)
    at Home (app\page.tsx:4:10)
  122 |   }, [contentMessages])
  123 |
> 124 |   const dashboardActions = actionPage(dashboardActionOrder, dashboardActionPage)
      |                            ^
  125 |   const agentActions = actionPage(agentActionOrder, agentActionPage)
  126 |
  127 |   function sendAudit(value: string) {
⚠ Fast Refresh had to perform a full reload due to a runtime error.
⚠ Fast Refresh had to perform a full reload due to a runtime error.
⚠ Fast Refresh had to perform a full reload due to a runtime error.
⚠ Fast Refresh had to perform a full reload due to a runtime error.
[browser] Uncaught ReferenceError: actionPage is not defined
    at AeolyzerWorkspace (components/aeolyzer-workspace.tsx:124:28)
    at AeolyzerApp (components/aeolyzer-workspace.tsx:1001:16)
    at Home (app\page.tsx:4:10)
  122 |   }, [contentMessages])
  123 |
> 124 |   const dashboardActions = actionPage(dashboardActionOrder, dashboardActionPage)
      |                            ^
  125 |   const agentActions = actionPage(agentActionOrder, agentActionPage)
  126 |
  127 |   function sendAudit(value: string) {
[browser] Uncaught ReferenceError: actionPage is not defined
    at AeolyzerWorkspace (components/aeolyzer-workspace.tsx:124:28)
    at AeolyzerApp (components/aeolyzer-app.tsx:63:5)
    at Home (app\page.tsx:4:10)
  122 |   }, [contentMessages])
  123 |
> 124 |   const dashboardActions = actionPage(dashboardActionOrder, dashboardActionPage)
      |                            ^
  125 |   const agentActions = actionPage(agentActionOrder, agentActionPage)
  126 |
  127 |   function sendAudit(value: string) {
⚠ Fast Refresh had to perform a full reload due to a runtime error.
⚠ Fast Refresh had to perform a full reload due to a runtime error.
⚠ Fast Refresh had to perform a full reload due to a runtime error.
⚠ Fast Refresh had to perform a full reload due to a runtime error.
[browser] Uncaught ReferenceError: actionPage is not defined
    at AeolyzerWorkspace (components/aeolyzer-workspace.tsx:124:28)
    at AeolyzerApp (components/aeolyzer-app.tsx:63:5)
    at Home (app\page.tsx:4:10)
  122 |   }, [contentMessages])
  123 |
> 124 |   const dashboardActions = actionPage(dashboardActionOrder, dashboardActionPage)
      |                            ^
  125 |   const agentActions = actionPage(agentActionOrder, agentActionPage)
  126 |
  127 |   function sendAudit(value: string) {
⚠ Fast Refresh had to perform a full reload due to a runtime error.
⚠ Fast Refresh had to perform a full reload due to a runtime error.
[browser] Uncaught ReferenceError: actionPage is not defined
    at AeolyzerWorkspace (components/aeolyzer-workspace.tsx:124:28)
    at AeolyzerApp (components/aeolyzer-app.tsx:63:5)
    at Home (app\page.tsx:4:10)
  122 |   }, [contentMessages])
  123 |
> 124 |   const dashboardActions = actionPage(dashboardActionOrder, dashboardActionPage)
      |                            ^
  125 |   const agentActions = actionPage(agentActionOrder, agentActionPage)
  126 |
  127 |   function sendAudit(value: string) {
⚠ Fast Refresh had to perform a full reload due to a runtime error.
⚠ Fast Refresh had to perform a full reload due to a runtime error.
